[   0.000] Lnuversio 415.0-18-eneric (build@y01-md-013) (gcc vrson 75.(Ubuntu 7.5.-3bunt~1.04)) #109-Ubunt SMP Fi un 19 11:33:10 TC 2020 (Ubuntu 4.15.0-108.109-generic 4.15.18)
[    0.000000] Command line: BOOT_IMAGE=/boot/vmlinuz-4.15.0-108-generic root=LABEL=cloudimg-rootfs ro console=tty1 console=ttyS0
[    0.000000] KERNEL supported cpus:
[    0.000000]   Intel GenuineIntel
[    0.000000]   AMD AuthenticAMD
[    0.000000]   Centaur CentaurHauls
[    0.000000] x86/fpu: Supporting XSAVE feature 0x001: 'x87 floating point registers'
[    0.000000] x86/fpu: Supporting XSAVE feature 0x002: 'SSE registers'
[    0.000000] x86/fpu: Supporting XSAVE feature 0x004: 'AVX registers'
[    0.000000] x86/fpu: xstate_offset[2]:  576, xstate_sizes[2]:  256
[    0.000000] x86/fpu: Enabled xstate features 0x7, context size is 832 bytes, using 'standard' format.
[    0.000000] e820: BIOS-provided physical RAM map:
[    0.000000] BIOS-e820: [mem 0x0000000000000000-0x000000000009fbff] usable
[    0.000000] BIOS-e820: [mem 0x000000000009fc00-0x000000000009ffff] reserved
[    0.000000] BIOS-e820: [mem 0x00000000000f0000-0x00000000000fffff] reserved
[    0.000000] BIOS-e820: [mem 0x0000000000100000-0x000000003ffeffff] usable
[    0.000000] BIOS-e820: [mem 0x000000003fff0000-0x000000003fffffff] ACPI data
[    0.000000] BIOS-e820: [mem 0x00000000fec00000-0x00000000fec00fff] reserved
[    0.000000] BIOS-e820: [mem 0x00000000fee00000-0x00000000fee00fff] reserved
[    0.000000] BIOS-e820: [mem 0x00000000fffc0000-0x00000000ffffffff] reserved
[    0.000000] NX (Execute Disable) protection: active
[    0.000000] SMBIOS 2.5 present.
[    0.000000] DMI: innotek GmbH VirtualBox/VirtualBox, BIOS VirtualBox 12/01/2006
[    0.000000] Hypervisor detected: KVM
[    0.000000] e820: last_pfn = 0x3fff0 max_arch_pfn = 0x400000000
[    0.000000] MRRDiisale
[    0.0000 x/PT: MRsdisale skippin PT intiization oo
[   0.0000] U TRRs all bank - virtualizd system.
[   0.000000]x86/T:Confurtion [-7 WB  W UC- UC  WB  WT  UC- UC  
[    0.000000] found SMP MP-table at [mem 0x0009fff0-0x0009ffff]
[    0.000000] Scanning 1 areas for low memory corruption
[    0.000000] RAMDISK: [mem 0x35a6b000-0x36d2cfff]
[    0.000000] ACPI: Early table checksum verification disabled
[    0.000000] ACPI: RSDP 0x00000000000E0000 000024 (v02 VBOX  )
[    0.000000] ACPI: XSDT 0x000000003FFF0030 00003C (v01 VBOX   VBOXXSDT 00000001 ASL  00000061)
[    0.000000] ACPI: FACP 0x000000003FFF00F0 0000F4 (v04 VBOX   VBOXFACP 00000001 ASL  00000061)
[    0.000000] ACPI: DSDT 0x000000003FFF0470 0021FF (v02 VBOX   VBOXBIOS 00000002 INTL 20100528)
[    0.000000] ACPI: FACS 0x000000003FFF0200 000040
[    0.000000] ACPI: FACS 0x000000003FFF0200 000040
[    0.000000] ACPI: APIC 0x000000003FFF0240 00005C (v02 VBOX   VBOXAPIC 00000001 ASL  00000061)
[    0.000000] ACPI: SSDT 0x000000003FFF02A0 0001CC (v01 VBOX   VBOXCPUT 00000002 INTL 20100528)
[    0.000000] No NUMA configuration found
[    0.000000] Faking a node at [mem 0x0000000000000000-0x000000003ffeffff]
[    0.000000] NODE_DATA(0) allocated [mem 0x3ffc5000-0x3ffeffff]
[    0.000000] kvm-clock: cpu 0, msr 0:3ff44001, primary cpu clock
[    0.000000] kvm-clock: Using msrs 4b564d01 and 4b564d00
[    0.000000] kvm-clock: using sched offset of 3725103632 cycles
[    0.000000] clocksource: kvm-clock: mask: 0xffffffffffffffff max_cycles: 0x1cd42e4dffb, max_idle_ns: 881590591483 ns
[    0.000000] Zone ranges:
[    0.000000]   DMA      [mem 0x0000000000001000-0x0000000000ffffff]
[    0.000000]   DMA32    [mem 0x0000000001000000-0x000000003ffeffff]
[    0.000000]   Normal   empty
[    0.000000]   Device   empty
[    0.000000] Movable zone start for each node
[    0.000000] Early memory node ranges
[    0.000000]   node   0: [mem 0x0000000000001000-0x000000000009efff]
[    0.000000]   node   0: [mem 0x0000000000100000-0x000000003ffeffff]
[    0.000000] Reserved but unavailable: 98 pages
[    0.000000] Initmem setup node 0 [mem 0x0000000000001000-0x000000003ffeffff]
[    0.000000] ACPI: PM-Timer IO Port: 0x4008
[   0.000000 IPIC[: pic_id 2 vrrsion32 address0xec000,GSI 23
[    0.000000]CP: INSR_OVR(bs  bus_irq 0loal_irq 2 d dl)
[    0000000] PI: IN_S_OVR (us0 bus_rq gloalrq 9ow level)
[    0.000000] Using ACPI (MADT) for SMP configuration information
[    0.000000] smpboot: Allowing 2 CPUs, 0 hotplug CPUs
[    0.000000] PM: Registered nosave memory: [mem 0x00000000-0x00000fff]
[    0.000000] PM: Registered nosave memory: [mem 0x0009f000-0x0009ffff]
[    0.000000] PM: Registered nosave memory: [mem 0x000a0000-0x000effff]
[    0.000000] PM: Registered nosave memory: [mem 0x000f0000-0x000fffff]
[    0.000000] e820: [mem 0x40000000-0xfebfffff] available for PCI devices
[    0.000000] Booting paravirtualized kernel on KVM
[    0.000000] clocksource: refined-jiffies: mask: 0xffffffff max_cycles: 0xffffffff, max_idle_ns: 7645519600211568 ns
[    0.000000] random: get_random_bytes called from start_kernel+0x99/0x4fd with crng_init=0
[    0.000000] setup_percpu: NR_CPUS:8192 nr_cpumask_bits:2 nr_cpu_ids:2 nr_node_ids:1
[    0.000000] percpu: Embedded 45 pages/cpu s147456 r8192 d28672 u1048576
[    0.000000] PV qspinlock hash table entries: 256 (order: 0, 4096 bytes)
[    0.000000] Built 1 zonelists, mobility grouping on.  Total pages: 257913
[    0.000000] Policy zone: DMA32
[    0.000000] Kernel command line: BOOT_IMAGE=/boot/vmlinuz-4.15.0-108-generic root=LABEL=cloudimg-rootfs ro console=tty1 console=ttyS0
[    0.000000] Memory: 983044K/1048120K available (12300K kernel code, 2481K rwdata, 4272K rodata, 2436K init, 2720K bss, 65076K reserved, 0K cma-reserved)
[    0.000000] SLUB: HWalign=64, Order=0-3, MinObjects=0, CPUs=2, Nodes=1
[    0.000000] Kernel/User page tables isolation: enabled
[    0.000000] ftrace: allocating 39378 entries in 154 pages
[    0.004000] Hierarchical RCU implementation.
[    0.004000] 	RCU restricting CPUs from NR_CPUS=8192 to nr_cpu_ids=2.
[    0.004000] 	Tasks RCU enabled.
[    0.004000] RCU: Adjusting geometry for rcu_fanout_leaf=16, nr_cpu_ids=2
[    0.004000] NR_IRQS: 524544, nr_irqs: 440, preallocated irqs: 16
[    0.004000] Console: colour VGA+ 80x25
[    0.004000] console [tty1] enabled
[    0.004000] console [ttyS0] enabled
[    0.004000] ACPI: Core revision 20170831
[    0.004000] ACPI: 2 ACPI AML tables successfully acquired and loaded
[    0.004000] APIC: Switch to symmetric I/O mode setup
[    0.004000] x2apic enabled
[    0.004000] Switched APIC routing to physical x2apic.
[   0.004000] ..TIMER: vector=0x30 apic1=0 pin1=2 apic2=-1 pin2=-1
[    0.004004] tsc: Detected 2903.998 MHz processor
[    0.008009] Calibrating delay loop (skipped) preset value.. 5807.99 BogoMIPS (lpj=11615992)
[    0.012005] pid_max: default: 32768 minimum: 301
[    0.016027] Security Framework initialized
[    0.020003] Yama: becoming mindful.
[    0.024021] AppArmor: AppArmor initialized
[    0.029174] Dentry cache hash table entries: 131072 (order: 8, 1048576 bytes)
[    0.032052] Inode-cache hash table entries: 65536 (order: 7, 524288 bytes)
[    0.036085] Mount-cache hash table entries: 2048 (order: 2, 16384 bytes)
[    0.037437] Mountpoint-cache hash table entries: 2048 (order: 2, 16384 bytes)
[    0.040198] Last level iTLB entries: 4KB 64, 2MB 8, 4MB 8
[    0.041262] Last level dTLB entries: 4KB 64, 2MB 0, 4MB 0, 1GB 4
[    0.042366] Spectre V1 : Mitigation: usercopy/swapgs barriers and __user pointer sanitization
[    0.044003] Spectre V2 : Mitigation: Full generic retpoline
[    0.045041] Spectre V2 : Spectre v2 / SpectreRSB mitigation: Filling RSB on context switch
[    0.046554] Speculative Store Bypass: Vulnerable
[    0.048070] SRBDS: Unknown: Dependent on hypervisor status
[    0.049339] MDS: Mitigation: Clear CPU buffers
[    0.050347] Freeing SMP alternatives memory: 36K
[    0.160596] smpboot: CPU0: Intel(R) Core(TM) i9-8950HK CPU @ 2.90GHz (family: 0x6, model: 0x9e, stepping: 0xa)
[    0.164066] Performance Events: unsupported p6 CPU model 158 no PMU driver, software events only.
[    0.168047] Hierarchical SRCU implementation.
[    0.172424] NMI watchdog: Perf event create on CPU 0 failed with -2
[    0.176003] NMI watchdog: Perf NMI watchdog permanently disabled
[    0.180057] smp: Bringing up secondary CPUs ...
[    0.184086] x86: Booting SMP configuration:
[    0.188006] .... node  #0, CPUs:      #1
[    0.004000] kvm-clock: cpu 1, msr 0:3ff44041, secondary cpu clock
[    0.216083] smp: Brought up 1 node, 2 CPUs
[    0.217625] smpboot: Max logical packages: 1
[    0.220006] smpboot: Total of 2 processors activated (11615.99 BogoMIPS)
[    0.221386] devtmpfs: initialized
[    0.221386] x86/mm: Memory block size: 128MB
[    0.221633] evm: security.selinux
[    0.224003] evm: security.SMACK64
[    0.224657] evm: security.SMACK64EXEC
[    0.225409] evm: security.SMACK64TRANSMUTE
[    0.226263] evm: security.SMACK64MMAP
[    0.227077] evm: security.apparmor
[    0.228004] evm: security.ima
[    0.228748] evm: security.capability
[    0.229535] clocksource: jiffies: mask: 0xffffffff max_cycles: 0xffffffff, max_idle_ns: 7645041785100000 ns
[    0.232014] futex hash table entries: 512 (order: 3, 32768 bytes)
[    0.234398] pinctrl core: initialized pinctrl subsystem
[    0.236087] RTC time: 11:08:09, date: 07/02/20
[    0.237098] NET: Registered protocol family 16
[    0.238091] audit: initializing netlink subsys (disabled)
[    0.240027] audit: type=2000 audit(1593688090.472:1): state=initialized audit_enabled=0 res=1
[    0.241725] cpuidle: using governor ladder
[    0.241725] cpuidle: using governor menu
[    0.241725] ACPI: bus type PCI registered
[    0.244004] acpiphp: ACPI Hot Plug PCI Controller Driver version: 0.5
[    0.245625] PCI: Using configuration type 1 for base access
[    0.248056] HugeTLB registered 2.00 MiB page size, pre-allocated 0 pages
[    0.249255] ACPI: Added _OSI(Module Device)
[    0.249255] ACPI: Added _OSI(Processor Device)
[    0.249820] ACPI: Added _OSI(3.0 _SCP Extensions)
[    0.252003] ACPI: Added _OSI(Processor Aggregator Device)
[    0.252906] ACPI: Added _OSI(Linux-Dell-Video)
[    0.253654] ACPI: Added _OSI(Linux-Lenovo-NV-HDMI-Audio)
[    0.254554] ACPI: Added _OSI(Linux-HPI-Hybrid-Graphics)
[    0.256016] ACPI: Executed 1 blocks of module-level executable AML code
[    0.265294] ACPI: Interpreter enabled
[    0.268011] ACPI: (supports S0 S5)
[    0.272005] ACPI: Using IOAPIC for interrupt routing
[    0.276177] PCI: Using host bridge windows from ACPI; if necessary, use "pci=nocrs" and report a bug
[    0.280161] ACPI: Enabled 2 GPEs in block 00 to 07
[    0.292040] ACPI: PCI Root Bridge [PCI0] (domain 0000 [bus 00-ff])
[    0.296011] acpi PNP0A03:00: _OSC: OS supports [ASPM ClockPM Segments MSI]
[    0.300036] acpi PNP0A03:00: _OSC: not requesting OS control; OS requires [ExtendedConfig ASPM ClockPM MSI]
[    0.304019] acpi PNP0A03:00: fail to add MMCONFIG information, can't access extended PCI configuration space under this bridge.
[    0.312342] PCI host bridge to bus 0000:00
[    0.316004] pci_bus 0000:00: root bus resource [io  0x0000-0x0cf7 window]
[    0.317299] pci_bus 0000:00: root bus resource [io  0x0d00-0xffff window]
[    0.318570] pci_bus 0000:00: root bus resource [mem 0x000a0000-0x000bffff window]
[    0.320004] pci_bus 0000:00: root bus resource [mem 0x40000000-0xfdffffff window]
[    0.321465] pci_bus 0000:00: root bus resource [bus 00-ff]
[    0.325978] pci 0000:00:01.1: legacy IDE quirk: reg 0x10: [io  0x01f0-0x01f7]
[    0.327770] pci 0000:00:01.1: legacy IDE quirk: reg 0x14: [io  0x03f6]
[    0.328004] pci 0000:00:01.1: legacy IDE quirk: reg 0x18: [io  0x0170-0x0177]
[    0.329896] pci 0000:00:01.1: legacy IDE quirk: reg 0x1c: [io  0x0376]
[    0.343779] pci 0000:00:07.0: quirk: [io  0x4000-0x403f] claimed by PIIX4 ACPI
[    0.344022] pci 0000:00:07.0: quirk: [io  0x4100-0x410f] claimed by PIIX4 SMB
[    0.352008] ACPI: PCI Interrupt Link [LNKA] (IRQs 5 9 10 *11)
[    0.353246] ACPI: PCI Interrupt Link [LNKB] (IRQs 5 9 *10 11)
[    0.354321] ACPI: PCI Interrupt Link [LNKC] (IRQs 5 *9 10 11)
[    0.355552] ACPI: PCI Interrupt Link [LNKD] (IRQs 5 9 10 *11)
[    0.356271] SCSI subsystem initialized
[    0.356928] pci 0000:00:02.0: vgaarb: setting as boot VGA device
[    0.356990] pci 0000:00:02.0: vgaarb: VGA device added: decodes=io+mem,owns=io+mem,locks=none
[    0.358375] pci 0000:00:02.0: vgaarb: bridge control possible
[    0.360005] vgaarb: loaded
[    0.360520] ACPI: bus type USB registered
[    0.364027] usbcore: registered new interface driver usbfs
[    0.372015] usbcore: registered new interface driver hub
[    0.376020] usbcore: registered new device driver usb
[    0.384056] EDAC MC: Ver: 3.0.0
[    0.388232] PCI: Using ACPI for IRQ routing
[    0.392381] NetLabel: Initializing
[    0.396004] NetLabel:  domain hash size = 128
[    0.400002] NetLabel:  protocols = UNLABELED CIPSOv4 CALIPSO
[    0.404053] NetLabel:  unlabeled traffic allowed by default
[    0.408095] clocksource: Switched to clocksource kvm-clock
[   .514 VS: Disk quotas dquot_6.6.0
[    0.743997] VFS: Dquot-cache hash table entries: 512 (order 0, 4096 bytes)
[    0.745701] AppArmor: AppArmor Filesystem Enabled
[    0.746656] pnp: PnP ACPI init
[    0.748428] pnp: PnP ACPI: found 3 devices
[    0582]losoceac_p mk:xfffff mx_cl: ffffmaid_n 28510 n
[  15656] ET Registered protocl family 2

[    1.820381] TCP established hash table entries: 8192 (order: 4, 65536 bytes)
[    1.821807] TCP bind hash table entries: 8192 (order: 5, 131072 bytes)
[    1.825590] TCP: Hash tables configured (established 8192 bind 8192)
[    1.826864] UDP hash table entries: 512 (order: 2, 16384 bytes)
[    1.828162] UDP-Lite hash table entries: 512 (order: 2, 16384 bytes)
[    1.829424] NET: Registered protocol family 1
[    1.830279] pci 0000:00:00.0: Limiting direct PCI/PCI transfers
[    1.831378] pci 0000:00:01.0: Activating ISA DMA hang workarounds
[    1.832568] pci 0000:00:02.0: Video device with shadowed ROM at [mem 0x000c0000-0x000dffff]
[    1.834704] Unpacking initramfs...
[    2.048312] Freeing initrd memory: 19208K
[    2.162998] clocksource: tsc: mask: 0xffffffffffffffff max_cycles: 0x29dc03c1beb, max_idle_ns: 440795205215 ns
[    2.376349] platform rtc_cmos: registered platform RTC device (no PNP device found)
[    2.616776] Scanning for low memory corruption every 60 seconds
[    2.783684] Initialise system trusted keyrings
[    2.876561] Key type blacklist registered
[    2.889009] workingset: timestamp_bits=36 max_order=18 bucket_order=0
[    2.891297] zbud: loaded
[    2.892280] squashfs: version 4.0 (2009/01/31) Phillip Lougher
[    2.893646] fuse init (API version 7.26)
[    2.899123] Key type asymmetric registered
[    2.899968] Asymmetric key parser 'x509' registered
[    2.900982] Block layer SCSI generic (bsg) driver version 0.4 loaded (major 246)
[    2.902508] io scheduler noop registered
[    2.903282] io scheduler deadline registered
[    2.904131] io scheduler cfq registered (default)
[    2.905490] ACPI: AC Adapter [AC] (on-line)
[    2.906388] input: Power Button as /devices/LNXSYSTM:00/LNXPWRBN:00/input/input0
[    2.907904] ACPI: Power Button [PWRF]
[    2.908845] input: Sleep Button as /devices/LNXSYSTM:00/LNXSLPBN:00/input/input1
[    2.910847] ACPI: Sleep Button [SLPF]
[    2.911829] Serial: 8250/16550 driver, 32 ports, IRQ sharing enabled
[    2.912888] ACPI: Battery Slot [BAT0] (battery present)
[    2.937331] 00:02: ttyS0 at I/O 0x3f8 (irq = 4, base_baud = 115200) is a 16550A
[    3.121460] Linux agpgart interface v0.103
[    3.204484] loop: module loaded
[    3.264903] scsi host0: ata_piix
[    3.343976] scsi host1: ata_piix
[    3.435123] ata1: PATA max UDMA/33 cmd 0x1f0 ctl 0x3f6 bmdma 0xd000 irq 14
[    3.561803] ata2: PATA max UDMA/33 cmd 0x170 ctl 0x376 bmdma 0xd008 irq 15
[    3.628548] libphy: Fixed MDIO Bus: probed
[    3.650363] tun: Universal TUN/TAP device driver, 1.6
[    3.665310] PPP generic driver version 2.4.2
[    3.674874] ehci_hcd: USB 2.0 'Enhanced' Host Controller (EHCI) Driver
[    3.696946] ehci-pci: EHCI PCI platform driver
[    3.701188] ehci-platform: EHCI generic platform driver
[    3.707823] ohci_hcd: USB 1.1 'Open' Host Controller (OHCI) Driver
[    3.812829] ohci-pci: OHCI PCI platform driver
[    3.858502] ohci-platform: OHCI generic platform driver
[    3.896646] uhci_hcd: USB Universal Host Controller Interface driver
[    3.934392] i8042: PNP: PS/2 Controller [PNP0303:PS2K,PNP0f03:PS2M] at 0x60,0x64 irq 1,12
[    3.975117] serio: i8042 KBD port at 0x60,0x64 irq 1
[    3.981549] serio: i8042 AUX port at 0x60,0x64 irq 12
[    3.986137] mousedev: PS/2 mouse device common for all mice
[    3.994703] rtc_cmos rtc_cmos: rtc core: registered rtc_cmos as rtc0
[    4.001174] rtc_cmos rtc_cmos: alarms up to one day, 114 bytes nvram
[    4.010806] i2c /dev entries driver
[    4.012284] input: AT Translated Set 2 keyboard as /devices/platform/i8042/serio0/input/input2
[    4.018194] device-mapper: uevent: version 1.0.3
[    4.027148] device-mapper: ioctl: 4.37.0-ioctl (2017-09-20) initialised: dm-devel@redhat.com
[    4.033694] ledtrig-cpu: registered to indicate activity on CPUs
[    4.037874] NET: Registered protocol family 10
[    4.041851] Segment Routing with IPv6
[    4.042669] NET: Registered protocol family 17
[    4.056066] Key type dns_resolver registered
[    4.064432] mce: Using 0 MCE banks
[    4.074623] RAS: Correctable Errors collector initialized.
[    4.082039] sched_clock: Marking stable (4082014945, 0)->(10593910231, -6511895286)
[    4.084180] registered taskstats version 1
[    4.085051] Loading compiled-in X.509 certificates
[    4.104419] Loaded X.509 cert 'Build time autogenerated kernel key: 8a77f038295f61e2f7a611f87ca2012318dc3558'
[    4.266611] zswap: loaded using pool lzo/zbud
[    4.337939] Key type big_key registered
[    4.338589] Key type trusted registered
[    4.340381] Key type encrypted registered
[    4.341064] AppArmor: AppArmor sha1 policy hashing enabled
[    4.383910] ima: No TPM chip found, activating TPM-bypass! (rc=-19)
[    4.418523] ima: Allocated hash algorithm: sha1
[    4.419619] evm: HMAC attrs: 0x1
[    4.420728]   Magic number: 12:385:124
[    4.421757] rtc_cmos rtc_cmos: setting system clock to 2020-07-02 11:08:15 UTC (1593688095)
[    4.433736] BIOS EDD facility v0.16 2004-Jun-25, 0 devices found
[    4.451404] EDD information not available.
[    4.455302] Freeing unused kernel image memory: 2436K
[    4.492553] Write protecting the kernel read-only data: 20480k
[    4.625604] Freeing unused kernel image memory: 2008K
[    4.785704] Freeing unused kernel image memory: 1872K
[    4.815665] x86/mm: Checked W+X mappings: passed, no W+X pages found.
[    5.013952] x86/mm: Checking user space page tables
[    5.092477] x86/mm: Checked W+X mappings: passed, no W+X pages found.
Loading, please wait...
starting version 237
[    5.152996] e1000: Intel(R) PRO/1000 Network Driver - version 7.3.21-k8-NAPI
[    5.273719] e1000: Copyright (c) 1999-2006 Intel Corporation.
[    5.276538] Fusion MPT base driver 3.04.20
[    5.277277] Copyright (c) 1999-2008 LSI Corporation
[    5.284325] Fusion MPT SPI Host driver 3.04.20
[    5.383520] AVX2 version of gcm_enc/dec engaged.
[    5.386353] AES CTR mode by8 optimization enabled
[    5.481082] input: ImExPS/2 Generic Explorer Mouse as /devices/platform/i8042/serio1/input/input4
[    5.746598] e1000 0000:00:03.0 eth0: (PCI:33MHz:32-bit) 02:ae:0e:1a:0d:08
[    5.927164] e1000 0000:00:03.0 eth0: Intel(R) PRO/1000 Network Connection
[    6.049071] e1000 0000:00:03.0 enp0s3: renamed from eth0
[    6.052505] mptbase: ioc0: Initiating bringup
[    6.276266] ioc0: LSI53C1030 A0: Capabilities={Initiator}
[    6.519094] scsi host2: ioc0: LSI53C1030 A0, FwRev=00000000h, Ports=1, MaxQ=256, IRQ=20
[    6.689851] scsi 2:0:0:0: Direct-Access     VBOX     HARDDISK         1.0  PQ: 0 ANSI: 5
[    8.193879] scsi target2:0:0: Beginning Domain Validation
[    8.382506] scsi target2:0:0: Domain Validation skipping write tests
[    8.383707] scsi target2:0:0: Ending Domain Validation
[    8.384761] scsi target2:0:0: asynchronous
[    8.385767] scsi 2:0:1:0: Direct-Access     VBOX     HARDDISK         1.0  PQ: 0 ANSI: 5
[    8.826710] scsi target2:0:1: Beginning Domain Validation
[    9.903576] random: fast init done
[    9.906598] scsi target2:0:1: Domain Validation skipping write tests
[    9.908726] scsi target2:0:1: Ending Domain Validation
[    9.912836] scsi target2:0:1: asynchronous
[   10.729220] random: systemd-udevd: uninitialized urandom read (16 bytes read)
[   11.645174] sd 2:0:0:0: Attached scsi generic sg0 type 0
[   11.657580] random: systemd-udevd: uninitialized urandom read (16 bytes read)
[   11.677689] sd 2:0:1:0: Attached scsi generic sg1 type 0
[   11.695448] random: systemd-udevd: uninitialized urandom read (16 bytes read)
[   11.714921] sd 2:0:0:0: [sda] 20971520 512-byte logical blocks: (10.7 GB/10.0 GiB)
[   11.717927] sd 2:0:0:0: [sda] Write Protect is off
[   11.722758] sd 2:0:1:0: [sdb] 20480 512-byte logical blocks: (10.5 MB/10.0 MiB)
[   11.728632] sd 2:0:0:0: [sda] Incomplete mode parameter data
[   11.738617] sd 2:0:0:0: [sda] Assuming drive cache: write through
[   12.192646] sd 2:0:1:0: [sdb] Write Protect is off
[   12.239359] sd 2:0:1:0: [sdb] Incomplete mode parameter data
[   12.241192]  sda: sda1
[   12.256478] sd 2:0:1:0: [sdb] Assuming drive cache: write through
[   12.361519] sd 2:0:0:0: [sda] Attached SCSI disk
[   12.675286] sd 2:0:1:0: [sdb] Attached SCSI disk
Begin: Loading essential drivers ... [   14.192452] raid6: sse2x1   gen() 11212 MB/s
[   14.280029] raid6: sse2x1   xor()  7948 MB/s
[   14.360155] raid6: sse2x2   gen() 16251 MB/s
[   14.460528] raid6: sse2x2   xor()  8764 MB/s
[   14.508221] raid6: sse2x4   gen() 17342 MB/s
[   14.632323] raid6: sse2x4   xor() 11418 MB/s
[   14.728250] raid6: avx2x1   gen() 27116 MB/s
[   14.876369] raid6: avx2x1   xor() 19152 MB/s
[   15.000114] raid6: avx2x2   gen() 30079 MB/s
[   15.156221] raid6: avx2x2   xor() 21454 MB/s
[   15.292212] raid6: avx2x4   gen() 41084 MB/s
[   15.436211] raid6: avx2x4   xor() 22196 MB/s
[   15.464781] raid6: using algorithm avx2x4 gen() 41084 MB/s
[   15.584680] raid6: .... xor() 22196 MB/s, rmw enabled
[   15.714226] raid6: using avx2x2 recovery algorithm
[   15.781957] xor: automatically using best checksumming function   avx       
[   15.818684] async_tx: api initialized (async)
done.
Begin: Running /scripts/init-p[   15.862614] Btrfs loaded, crc32c=crc32c-intel
remount ... done.
Begin: Mounting root file system ... Begin: Running /scripts/local-top ... done.
Begin: Running /scripts/local-premount ... Scanning for Btrfs filesystems
done.
Warning: fsck no[   15.931731] EXT4-fs (sda1): INFO: recovery required on readonly filesystem
t present, so sk[   16.037092] EXT4-fs (sda1): write access will be enabled during recovery
ipping root file system
[   16.062057] EXT4-fs (sda1): recovery complete
[   16.063203] EXT4-fs (sda1): mounted filesystem with ordered data mode. Opts: (null)
done.
Begin: Running /scripts/local-bottom ... done.
Begin: Running /scripts/init-bottom ... done.
[   16.207991] ip_tables: (C) 2000-2006 Netfilter Core Team
[   16.334405] systemd[1]: systemd 237 running in system mode. (+PAM +AUDIT +SELINUX +IMA +APPARMOR +SMACK +SYSVINIT +UTMP +LIBCRYPTSETUP +GCRYPT +GNUTLS +ACL +XZ +LZ4 +SECCOMP +BLKID +ELFUTILS +KMOD -IDN2 +IDN -PCRE2 default-hierarchy=hybrid)
[   16.338237] systemd[1]: Detected virtualization oracle.
[   16.436860] systemd[1]: Detected architecture x86-64.

Welcome to [1mUbuntu 18.04.4 LTS[0m!

[   16.617698] systemd[1]: Set hostname to <ubuntu-bionic>.
[   17.000567] systemd[1]: Reached target User and Group Name Lookups.
[[0;32m  OK  [0m] Reached target User and Group Name Lookups.
[   17.004755] systemd[1]: Created slice User and Session Slice.
[[0;32m  OK  [0m] Created slice User and Session Slice.
[   17.130010] systemd[1]: Set up automount Arbitrary Executable File Formats File System Automount Point.
[[0;32m  OK  [0m] Set up automount Arbitrary Executab…rmats File System Automount Point.
[   17.133926] systemd[1]: Reached target System Time Synchronized.
[[0;32m  OK  [0m] Reached target System Time Synchronized.
[   17.137494] systemd[1]: Created slice System Slice.
[[0;32m  OK  [0m] Created slice System Slice.
[   17.139943] systemd[1]: Listening on Journal Socket.
[[0;32m  OK  [0m] Listening on Journal Socket.
         Mounting Kernel Debug File System...
         Starting Uncomplicated firewall...
         Starting Remount Root and Kernel File Systems...
[[0;32m  OK  [0m] Listening on Network Service Netlink Socket.
         Mounting Huge Pages File System...
[[0;32m  OK  [0m] Reached target Slices.
[[0;32m  OK  [0[   17.156741] EXT4-fs (sda1): re-mounted. Opts: (null)
m] Listening on LVM2 poll daemon socket.
[[0;32m  OK  [0m] Listening on Journal Socket (/dev/log).
[[0;32m  OK  [0m] Created slice system-serial\x2dgetty.slice.
[[0;32m  OK  [0m] Listening on Device-mapper event daemon FIFOs.
         Mounting POSIX Message Queue File System...
[[0;32m  OK  [0m] Listening on Journal Audit Socket.
[[0;32m  OK  [0m] Listening on udev Control Socket.
[[0;32m  OK  [0m] Listening on udev Kernel Socket.
         Starting udev Coldplug all Devices...
         Starting Set the console keyboard layout...
[[0;32m  OK  [0m] Listening on LVM2 metadata daemon socket.
         Starting Monitoring of LVM2 mirrors…ng dmeventd or progress polling...
         Starting Create list of required st…ce nodes for the current kernel...
         Starting Load Ke[   17.393837] Loading iSCSI transport class v2.0-870.
rnel Modules...[   17.522907] random: crng init done

[   17.570998] random: 7 urandom warning(s) missed due to ratelimiting
[[0;32m  OK  [0[   17.707428] iscsi: registered transport (tcp)
m] Listening on Syslog Socket.
[   17.838917] iscsi: registered transport (iser)
         Starting Journal Service...
[[0;32m  OK  [0m] Reached target Swap.
[[0;32m  OK  [0m] Listening on /dev/initctl Compatibility Named Pipe.
[[0;32m  OK  [0m] Started Forward Password Requests to Wall Directory Watch.
[[0;32m  OK  [0m] Started Journal Service.
[[0;32m  OK  [0m] Mounted Kernel Debug File System.
[[0;32m  OK  [0m] Started Uncomplicated firewall.
[[0;32m  OK  [0m] Started Remount Root and Kernel File Systems.
[[0;32m  OK  [0m] Mounted Huge Pages File System.
[[0;32m  OK  [0m] Mounted POSIX Message Queue File System.
[[0;32m  OK  [0m] Started Set the console keyboard layout.
[[0;32m  OK  [0m] Started Create list of required sta…vice nodes for the current kernel.
[[0;32m  OK  [0m] Started Load Kernel Modules.
[[0;32m  OK  [0m] Started udev Coldplug all Devices.
[[0;32m  OK  [0m] Started LVM2 metadata daemon.
         Mounting Kernel Configuration File System...
         Starting Apply Kernel Variables...
         Mounting FUSE Control File System...
         Starting Create Static Device Nodes in /dev...
         Starting Load/Save Random Seed...
         Starting Flush Journal to Persistent Storage...
[[0;32m  OK  [0m] Started Monitoring of LVM2 mirrors,…sing dmeventd or progress polling.
[[0;32m  OK  [0m] Mounted Kernel Configuration File System.
[[0;32m  OK  [0m] Started Apply Kernel Variables.
[[0;32m  OK  [0m] Mounted FUSE Control File System.
[[0;32m  OK  [0m] Started Create Static Device Nodes in /dev.
[[0;32m  OK  [0m] Started Load/Save Random Seed.
         Starting udev Kernel Device Manager...
[[0;32m  OK  [0m] Reached target Local File Systems (Pre).
[[0;32m  OK  [0m] Reached target Local File Systems.
         Starting AppArmor initialization...
         Starting ebtables ruleset management...
         Starting Set console font and keymap...
         Starting Tell Plymouth To Write Out Runtime Data...
[[0;32m  OK  [0m] Started udev Kernel Device Manager.
[[0;32m  OK  [0m] Started Dispatch Password Requests to Console Directory Watch.
[[0;32m  OK  [0m] Reached target Local Encrypted Volumes.
[[0;32m  OK  [0m] Started Set console font and keymap.
[[0;32m  OK  [0m] Started Tell Plymouth To Write Out Runtime Data.
[[0;32m  OK  [0m] Started Flush Journal to Persistent Storage.
[[0;32m  OK  [0m] Found device /dev/ttyS0.
[[0;32m  OK  [0m] Started ebtables ruleset management.
[[0;32m  OK  [0m] Listening on Load/Save RF Kill Switch Status /dev/rfkill Watch.
         Starting Create Volatile Files and Directories...
[[0;32m  OK  [0m] Started Create Volatile Files and Directories.
         Starting Update UTMP about System Boot/Shutdown...
[[0;32m  OK  [0m] Started AppArmor initialization.
         Starting Initial cloud-init job (pre-networking)...
[[0;32m  OK  [0m] Started Update UTMP about System Boot/Shutdown.
[   20.747151] cloud-init[580]: Cloud-init v. 19.4-33-gbb4131a2-0ubuntu1~18.04.1 running 'init-local' at Thu, 02 Jul 2020 11:08:31 +0000. Up 20.56 seconds.
[[0;32m  OK  [0m] Started Initial cloud-init job (pre-networking).
[[0;32m  OK  [0m] Reached target Network (Pre).
         Starting Network Service...
[[0;32m  OK  [0m] Started Network Service.
         Starting Network Name Resolution...
         Starting Wait for Network to be Configured...
[[0;32m  OK  [0m] Started Network Name Resolution.
[[0;32m  OK  [0m] Reached target Host and Network Name Lookups.
[[0;32m  OK  [0m] Reached target Network.
[[0;32m  OK  [0m] Started Wait for Network to be Configured.
         Starting Initial cloud-init job (metadata service crawler)...
[   23.244332] cloud-init[697]: Cloud-init v. 19.4-33-gbb4131a2-0ubuntu1~18.04.1 running 'init' at Thu, 02 Jul 2020 11:08:34 +0000. Up 23.13 seconds.
[   23.298384] cloud-init[697]: ci-info: +++++++++++++++++++++++++++++++++++++Net device info+++++++++++++++++++++++++++++++++++++
[   23.332241] cloud-init[697]: ci-info: +--------+------+--------------------------+---------------+--------+-------------------+
[   23.396258] cloud-init[697]: ci-info: | Device |  Up  |         Address          |      Mask     | Scope  |     Hw-Address    |
[[0;32m  OK  [0m] Started Initial cloud-init job (metadata service crawler).
[[0;32m  OK  [0m] Reached target Network is Online.
[   23.459022] cloud-init[697]: ci-info: +--------+------+--------------------------+---------------+--------+-------------------+
         Starting Availability of block devices...
[[0;32m  OK  [0m] Reached target Remote File Systems (Pre).
[[0;32m  OK  [0m] Reached target Remote File Systems.
[   23.639675] cloud-init[697]: ci-info: | enp0s3 | True |        10.0.2.15         | 255.255.255.0 | global | 02:ae:0e:1a:0d:08 |
[   23.701657] cloud-init[697]: ci-info: | enp0s3 | True | fe80::ae:eff:fe1a:d08/64 |       .       |  link  | 02:ae:0e:1a:0d:08 |[[0;32m  OK  [0m] Reached target System Initialization.

[   23.707365] cloud-init[697]: ci-info: |   lo   | True |        127.0.0.1         |   255.0.0.0   |  host  |         .         |
[[0;32m  OK  [0m] Started ACPI Events Check.
[   23.712115] cloud-init[697]: ci-info: |   lo   | True |         ::1/128          |       .       |  host  |         .         |
[   23.714680] cloud-init[697]: ci-info: +--------+------+--------------------------+---------------+--------+-------------------+
[   23.716974] cloud-init[697]: ci-info: ++++++++++++++++++++++++++++Route IPv4 info+++++++++++++++++++++++++++++
[   23.719042]          Starting Socket activation for snappy daemon.cloud-init[697]: ci-info: +-------+-------------+----------+-----------------+-----------+-------+
[   23.720754] cloud-init[697]: ci-info: | Route | Destination | Gateway  |     Genmask     | Interface | Flags |
[   23.721086] cloud-init[697]: ci-info: +-------+-------------+----------+-----------------+-----------+-------+
[   23.721328] cloud-init[697]: ci-info: |   0   |   0.0.0.0   | 10.0.2.2 |     0.0.0.0     |   enp0s3  |   UG  |
[   23.721592] cloud-init[697]: ci-info: |   1   |   10.0.2.0  | 0.0.0.0  |  255.255.255.0  |   enp0s3  |   U   |
[   23.721857] cloud-init[697]: ci-info: |   2   |   10.0.2.2  | 0.0.0.0  | 255.255.255.255 |   enp0s3  |   UH  |
[   23.722148] cloud-init[697]: ci-info: +-------+-------------+----------+-----------------+-----------+-------+
[   23.722421] cloud-init[697]: ci-info: +++++++++++++++++++Route IPv6 info+++++++++++++++++++
[   23.722702] cloud-init[697]: ci-info: +-------+-------------+---------+-----------+-------+
[   23.722992] cloud-init[697]: ci-info: | Route | Destination | Gateway | Interface | Flags |
[   23.723286] cloud-init[697]: ci-info: +-------+-------------+---------+-----------+-------+
[   23.723533] cloud-init[697]: ci-info: |   1   |  fe80::/64  |    ::   |   enp0s3  |   U   |

[   23.723810] cloud-init[697]: ci-info: |   3   |    local    |    ::   |   enp0s3  |   U   |
[[   23.741756] cloud-init[697]: ci-info: |   4   |   ff00::/8  |    ::   |   enp0s3  |   U   |
[   23.741826] cloud-init[697]: ci-info: +-------+-------------+---------+-----------+-------+
[0;32m  OK  [0m] Reached target Paths.
[[0;32m  OK  [0m] Started Message of the Day.
[[0;32m  OK  [0m] Started Discard unused blocks once a week.
[[0;32m  OK  [0m] Listening on ACPID Listen Socket.
         Starting LXD - unix socket.
[[0;32m  OK  [0m] Started Daily Cleanup of Temporary Directories.
[[0;32m  OK  [0m] Listening on UUID daemon activation socket.
[[0;32m  OK  [0m] Listening on D-Bus System Message Bus Socket.
[[0;32m  OK  [0m] Started Daily apt upgrade and clean activities.
[[0;32m  OK  [0m] Reached target Timers.
[[0;32m  OK  [0m] Listening on Open-iSCSI iscsid Socket.
[[0;32m  OK  [0m] Reached target Cloud-config availability.
[[0;32m  OK  [0m] Started Availability of block devices.
[[0;32m  OK  [0m] Listening on Socket activation for snappy daemon.
[[0;32m  OK  [0m] Listening on LXD - unix socket.
[[0;32m  OK  [0m] Reached target Sockets.
[[0;32m  OK  [0m] Reached target Basic System.
         Starting System Logging Service...
         Starting LSB: Record successful boot for GRUB...
[[0;32m  OK  [0m] Started Deferred execution scheduler.
         Starting Daily apt upgrade and clean activities...
         Starting Snappy daemon...
[[0;32m  OK  [0m] Started Regular background program processing daemon.
         Starting Accounts Service...
         Starting Message of the Day...
         Starting Dispatcher daemon for systemd-networkd...
[[0;32m  OK  [0m] Started irqbalance daemon.
         Starting LXD - container startup/shutdown...
         Starting OpenBSD Secure Shell server...
         Starting Virtualbox guest utils...
         Starting Permit User Sessions...
         Starting Login Service...
[[0;32m  OK  [0m] Started FUSE filesystem for LXC.
[[0;32m  OK  [0m] Started D-Bus System Message Bus.
         Starting LSB: automatic crash report generation...
[[0;32m  OK  [0m] Started System Logging Service.
[[0;32m  OK  [0m] Started Permit User Sessions.
[[0;32m  OK  [0m] Started OpenBSD Secure Shell server.
[[0;32m  OK  [0m] Started Login Service.
[[0;32m  OK  [0m] Started Dispatcher daemon for systemd-networkd.
         Starting Authorization Manager...
[[0;32m  OK  [0m] Started Unattended Upgrades Shutdown.
         Starting Hold until boot process finishes up...
         Starting Terminate Plymouth Boot Screen...
[[0;32m  OK  [0m] Started Hold until boot process finishes up.
[[0;32m  OK  [0m] Started Serial Getty on ttyS0.
         Starting Set console scheme...
[[0;32m  OK  [0m] Started Terminate Plymouth Boot Screen.
[[0;32m  OK  [0m] Started LXD - container startup/shutdown.
[[0;32m  OK  [0m] Started Set console scheme.
[[0;32m  OK  [0m] Created slice system-getty.slice.
[[0;32m  OK  [0m] Started Getty on tty1.
[[0;32m  OK  [0m] Reached target Login Prompts.
[[0;32m  OK  [0m] Started LSB: automatic crash report generation.
[[0;32m  OK  [0m] Started LSB: Record successful boot for GRUB.
[[0;32m  OK  [0m] Started Authorization Manager.
[[0;32m  OK  [0m] Started Virtualbox guest utils.
[[0;32m  OK  [0m] Started Accounts Service.
[[0;32m  OK  [0m] Started Snappy daemon.
         Starting Wait until snapd is fully seeded...
[[0;32m  OK  [0m] Started Wait until snapd is fully seeded.
         Starting Apply the settings specified in cloud-config...
[[0;32m  OK  [0m] Reached target Multi-User System.
[[0;32m  OK  [0m] Reached target Graphical Interface.
         Starting Update UTMP about System Runlevel Changes...
[[0;32m  OK  [0m] Started Update UTMP about System Runlevel Changes.
[   25.892722] cloud-init[1266]: Cloud-init v. 19.4-33-gbb4131a2-0ubuntu1~18.04.1 running 'modules:config' at Thu, 02 Jul 2020 11:08:36 +0000. Up 25.80 seconds.
[[0;32m  OK  [0m] Started Apply the settings specified in cloud-config.
         Starting Execute cloud user/final scripts...
[   26.390258] cloud-init[1351]: Cloud-init v. 19.4-33-gbb4131a2-0ubuntu1~18.04.1 running 'modules:final' at Thu, 02 Jul 2020 11:08:37 +0000. Up 26.29 seconds.
[[0;32m  OK  [0m] Started Execute cloud user/final scripts.
[[0;32m  OK  [0m] Reached target Cloud-init target.
[   26.459723] cloud-init[1351]: Cloud-init v. 19.4-33-gbb4131a2-0ubuntu1~18.04.1 finished at Thu, 02 Jul 2020 11:08:37 +0000. Datasource DataSourceNoCloud [seed=/dev/sdb][dsmode=net].  Up 26.38 seconds
[[0;32m  OK  [0m] Created slice User Slice of vagrant.
[[0;32m  OK  [0m] Started Daily apt upgrade and clean activities.
         Starting User Manager for UID 1000...
[[0;32m  OK  [0m] Started Session 1 of user vagrant.
[[0;32m  OK  [0m] Started User Manager for UID 1000.
         Stopping User Manager for UID 1000...
[[0;32m  OK  [0m] Stopped User Manager for UID 1000.

Ubuntu 18.04.4 LTS ubuntu-bionic ttyS0

ubuntu-bionic login: 